\BOOKMARK [1][-]{section.1}{\376\377\116\373\122\241\116\000\377\032\127\372\116\216\000\040\000S\000T\000O\000M\000P\000\040\166\204\000\040\000K\000i\000n\000o\000v\000a\000\040\147\072\150\260\201\302\145\340\170\260\144\236\215\357\137\204\211\304\122\022}{}% 1
\BOOKMARK [2][-]{subsection.1.1}{\376\377\116\373\122\241\166\356\150\007\116\016\137\205\210\145\121\150\152\041\127\127}{section.1}% 2
\BOOKMARK [2][-]{subsection.1.2}{\376\377\000S\000T\000O\000M\000P\000\040\173\227\154\325\123\237\164\006}{section.1}% 3
\BOOKMARK [3][-]{subsubsection.1.2.1}{\376\377\173\227\154\325\155\101\172\013}{subsection.1.2}% 4
\BOOKMARK [2][-]{subsection.1.3}{\376\377\116\343\116\367\121\375\145\160\213\276\213\241}{section.1}% 5
\BOOKMARK [3][-]{subsubsection.1.3.1}{\376\377\226\234\170\215\116\343\116\367\000\040\000c\000o\000b\000s}{subsection.1.3}% 6
\BOOKMARK [3][-]{subsubsection.1.3.2}{\376\377\136\163\156\321\116\343\116\367\000\040\000c\000s\000m\000o\000o\000t\000h}{subsection.1.3}% 7
\BOOKMARK [3][-]{subsubsection.1.3.3}{\376\377\176\246\147\137\116\343\116\367\000\040\000c\000c\000o\000n\000s\000t\000r\000a\000i\000n\000t}{subsection.1.3}% 8
\BOOKMARK [2][-]{subsection.1.4}{\376\377\121\163\225\056\133\236\163\260\152\041\127\127}{section.1}% 9
\BOOKMARK [3][-]{subsubsection.1.4.1}{\376\377\000h\000e\000l\000p\000e\000r\000S\000T\000O\000M\000P\000.\000m\000\040\040\024\000\040\116\073\137\252\163\257}{subsection.1.4}% 10
\BOOKMARK [3][-]{subsubsection.1.4.2}{\376\377\000s\000t\000o\000m\000p\000S\000a\000m\000p\000l\000e\000s\000.\000m\000\040\040\024\000\040\221\307\150\067\165\037\142\020}{subsection.1.4}% 11
\BOOKMARK [3][-]{subsubsection.1.4.3}{\376\377\000s\000t\000o\000m\000p\000D\000T\000h\000e\000t\000a\000.\000m\000\040\040\024\000\040\150\257\136\246\117\060\213\241}{subsection.1.4}% 12
\BOOKMARK [3][-]{subsubsection.1.4.4}{\376\377\000s\000t\000o\000m\000p\000O\000b\000s\000t\000a\000c\000l\000e\000C\000o\000s\000t\000.\000m\000\040\040\024\000\040\226\234\170\215\116\343\116\367}{subsection.1.4}% 13
\BOOKMARK [3][-]{subsubsection.1.4.5}{\376\377\000s\000t\000o\000m\000p\000R\000o\000b\000o\000t\000S\000p\000h\000e\000r\000e\000.\000m\000\040\040\024\000\040\170\260\144\236\164\003\165\037\142\020}{subsection.1.4}% 14
\BOOKMARK [2][-]{subsection.1.5}{\376\377\133\236\232\214\213\276\177\156\116\016\176\323\147\234}{section.1}% 15
\BOOKMARK [3][-]{subsubsection.1.5.1}{\376\377\133\236\232\214\163\257\130\203}{subsection.1.5}% 16
\BOOKMARK [3][-]{subsubsection.1.5.2}{\376\377\140\047\200\375\143\007\150\007}{subsection.1.5}% 17
\BOOKMARK [3][-]{subsubsection.1.5.3}{\376\377\121\170\127\213\176\323\147\234}{subsection.1.5}% 18
\BOOKMARK [2][-]{subsection.1.6}{\376\377\213\250\213\272\116\016\145\071\217\333}{section.1}% 19
\BOOKMARK [3][-]{subsubsection.1.6.1}{\376\377\173\227\154\325\162\171\140\047\122\006\147\220}{subsection.1.6}% 20
\BOOKMARK [3][-]{subsubsection.1.6.2}{\376\377\123\302\145\160\214\003\117\030\176\317\232\214}{subsection.1.6}% 21
\BOOKMARK [3][-]{subsubsection.1.6.3}{\376\377\157\134\127\050\145\071\217\333\145\271\124\021}{subsection.1.6}% 22
\BOOKMARK [1][-]{section.2}{\376\377\116\373\122\241\116\214}{}% 23
\BOOKMARK [1][-]{section.3}{\376\377\116\373\122\241\116\011\377\032\127\372\116\216\000\040\000P\000o\000E\000\040\166\204\153\143\124\021\217\320\122\250\133\146\116\016\000\040\000S\000T\000O\000M\000P\000\040\226\306\142\020}{}% 24
\BOOKMARK [2][-]{subsection.3.1}{\376\377\000P\000o\000E\000\040\151\202\217\360\116\016\207\272\145\313\217\164\170\156\133\232}{section.3}% 25
\BOOKMARK [2][-]{subsection.3.2}{\376\377\133\236\163\260\116\016\146\377\143\142\000\040\000g\000e\000t\000T\000r\000a\000n\000s\000f\000o\000r\000m\000\050\000\051}{section.3}% 26
\BOOKMARK [2][-]{subsection.3.3}{\376\377\116\016\000\040\000S\000T\000O\000M\000P\000\040\166\204\210\124\143\245\116\016\213\304\117\060}{section.3}% 27
\BOOKMARK [2][-]{subsection.3.4}{\376\377\131\061\215\045\150\110\117\213\116\016\145\071\217\333}{section.3}% 28
\BOOKMARK [1][-]{section.4}{\376\377\116\373\122\241\126\333}{}% 29
\BOOKMARK [1][-]{section.5}{\376\377\116\373\122\241\116\224}{}% 30
\BOOKMARK [1][-]{section.6}{\376\377\176\323\213\272\116\016\134\125\147\033}{}% 31
